<?xml version="1.0" encoding="UTF-8"?><testsuite failures="0" name="cucumber.runtime.formatter.JUnitFormatter" skipped="0" tests="1" time="26.339161">
<testcase classname="Free CRM Login Feature" name="Free CRM Login Test Scenario" time="26.339161">
<system-out><![CDATA[Given user is alreay on Login Page..........................................passed
When title of Login page is Free CRM........................................passed
Then user enters username and password......................................passed
Then user clicks on Login button............................................passed
Then user is on home page...................................................passed
Then close the browser......................................................passed
]]></system-out>
</testcase>
</testsuite>
