<?xml version="1.0" encoding="UTF-8"?><testsuite failures="0" name="cucumber.runtime.formatter.JUnitFormatter" skipped="0" tests="2" time="0.204536">
<testcase classname="Free CRM application testing" name="validate a report" time="0.20449">
<system-out><![CDATA[Given This is a report test.................................................passed
]]></system-out>
</testcase>
<testcase classname="Free CRM application testing" name="Application Logout" time="0.000046">
<system-out><![CDATA[Given This is a logout test.................................................passed
]]></system-out>
</testcase>
</testsuite>
